{'maxTotalPoints': 55,
 'messages': [],
 'mode': 'all',
 'parts': [{'maxPoints': 10,
            'maxSeconds': 1,
            'messages': [],
            'name': '3.1a-0',
            'points': 10,
            'seconds': 0},
           {'maxPoints': 2,
            'maxSeconds': 1,
            'messages': [],
            'name': '3.1b-0',
            'points': 2,
            'seconds': 0},
           {'maxPoints': 0,
            'maxSeconds': 1,
            'messages': [],
            'name': '3.1b-1',
            'points': 0,
            'seconds': 0},
           {'maxPoints': 8,
            'maxSeconds': 1,
            'messages': [],
            'name': '3.1b-2',
            'points': 8,
            'seconds': 0},
           {'maxPoints': 0,
            'maxSeconds': 1,
            'messages': [],
            'name': '3.1b-3',
            'points': 0,
            'seconds': 0},
           {'maxPoints': 1,
            'maxSeconds': 1,
            'messages': [],
            'name': '3.1c-0',
            'points': 1,
            'seconds': 0},
           {'maxPoints': 9,
            'maxSeconds': 1,
            'messages': [],
            'name': '3.1c-1',
            'points': 9,
            'seconds': 0},
           {'maxPoints': 10,
            'maxSeconds': 1,
            'messages': ["Exception thrown: <type 'exceptions.Exception'> -- Not implemented yet",
                         '  File "grader.py", line 143, in part32a_0\n    phi_ = submission.nerFeatureFunction(0, \'-BEGIN-\', \'-FEAT-\', xs)\n',
                         '  File "/home/dl37/PacWar/assignment6/submission.py", line 341, in nerFeatureFunction\n    raise Exception("Not implemented yet")\n'],
            'name': '3.2a-0',
            'points': 0,
            'seconds': 0},
           {'maxPoints': 5,
            'maxSeconds': 5,
            'messages': ["Exception thrown: <type 'exceptions.Exception'> -- Not implemented yet",
                         '  File "grader.py", line 178, in part33a_0\n    xs, N ).iteritems():\n',
                         '  File "/home/dl37/PacWar/assignment6/submission.py", line 458, in computeGibbsProbabilities\n    raise Exception("Not implemented yet")\n'],
            'name': '3.3a',
            'points': 0,
            'seconds': 0},
           {'maxPoints': 5,
            'maxSeconds': 5,
            'messages': ["Exception thrown: <type 'exceptions.Exception'> -- Not implemented yet",
                         '  File "grader.py", line 197, in part33a_1\n    N)\n',
                         '  File "/home/dl37/PacWar/assignment6/submission.py", line 479, in computeGibbsBestSequence\n    raise Exception("Not implemented yet")\n'],
            'name': '3.3b',
            'points': 0,
            'seconds': 0},
           {'maxPoints': 5,
            'maxSeconds': 5,
            'messages': ["Exception thrown: <type 'exceptions.Exception'> -- Not implemented yet",
                         '  File "grader.py", line 215, in part33a_3\n    xs, N )\n',
                         '  File "/home/dl37/PacWar/assignment6/submission.py", line 458, in computeGibbsProbabilities\n    raise Exception("Not implemented yet")\n'],
            'name': '3.3c',
            'points': 0,
            'seconds': 0}],
 'totalPoints': 30}
